<?xml version="1.0" encoding="UTF-8"?>
<!-- Generated by org.testng.reporters.JUnitReportReporter -->
<testsuite skipped="0" hostname="DESKTOP-C4O7IPQ" name="TestCases.LoginPageTest1" tests="15" failures="3" timestamp="2022-12-31T11:32:40 IST" time="58.133" errors="0">
  <testcase name="verifyPasswordTextEnableTest" time="7.511" classname="TestCases.LoginPageTest1"/>
  <testcase name="verifyUsernameTextSendkeysTest" time="3.623" classname="TestCases.LoginPageTest1">
    <failure type="java.lang.AssertionError" message="expected [standard_user] but found [[[ChromeDriver: chrome on WINDOWS (e0901e4f791188b504e91cf33a624c46)] -&gt; xpath: //input[@id=&#039;user-name&#039;]]]">
      <![CDATA[java.lang.AssertionError: expected [standard_user] but found [[[ChromeDriver: chrome on WINDOWS (e0901e4f791188b504e91cf33a624c46)] -> xpath: //input[@id='user-name']]]
at org.testng.Assert.fail(Assert.java:97)
at org.testng.Assert.assertEqualsImpl(Assert.java:136)
at org.testng.Assert.assertEquals(Assert.java:118)
at org.testng.Assert.assertEquals(Assert.java:563)
at TestCases.LoginPageTest1.verifyUsernameTextSendkeysTest(LoginPageTest1.java:107)
at sun.reflect.NativeMethodAccessorImpl.invoke0(Native Method)
at sun.reflect.NativeMethodAccessorImpl.invoke(NativeMethodAccessorImpl.java:62)
at sun.reflect.DelegatingMethodAccessorImpl.invoke(DelegatingMethodAccessorImpl.java:43)
at java.lang.reflect.Method.invoke(Method.java:498)
at org.testng.internal.MethodInvocationHelper.invokeMethod(MethodInvocationHelper.java:133)
at org.testng.internal.TestInvoker.invokeMethod(TestInvoker.java:584)
at org.testng.internal.TestInvoker.invokeTestMethod(TestInvoker.java:172)
at org.testng.internal.MethodRunner.runInSequence(MethodRunner.java:46)
at org.testng.internal.TestInvoker$MethodInvocationAgent.invoke(TestInvoker.java:804)
at org.testng.internal.TestInvoker.invokeTestMethods(TestInvoker.java:145)
at org.testng.internal.TestMethodWorker.invokeTestMethods(TestMethodWorker.java:146)
at org.testng.internal.TestMethodWorker.run(TestMethodWorker.java:128)
at java.util.ArrayList.forEach(ArrayList.java:1259)
at org.testng.TestRunner.privateRun(TestRunner.java:770)
at org.testng.TestRunner.run(TestRunner.java:591)
at org.testng.SuiteRunner.runTest(SuiteRunner.java:402)
at org.testng.SuiteRunner.runSequentially(SuiteRunner.java:396)
at org.testng.SuiteRunner.privateRun(SuiteRunner.java:355)
at org.testng.SuiteRunner.run(SuiteRunner.java:304)
at org.testng.SuiteRunnerWorker.runSuite(SuiteRunnerWorker.java:53)
at org.testng.SuiteRunnerWorker.run(SuiteRunnerWorker.java:96)
at org.testng.TestNG.runSuitesSequentially(TestNG.java:1180)
at org.testng.TestNG.runSuitesLocally(TestNG.java:1102)
at org.testng.TestNG.runSuites(TestNG.java:1032)
at org.testng.TestNG.run(TestNG.java:1000)
at org.testng.remote.AbstractRemoteTestNG.run(AbstractRemoteTestNG.java:115)
at org.testng.remote.RemoteTestNG.initAndRun(RemoteTestNG.java:251)
at org.testng.remote.RemoteTestNG.main(RemoteTestNG.java:77)
]]>
    </failure>
  </testcase> <!-- verifyUsernameTextSendkeysTest -->
  <testcase name="verifyCurrentUrlTest" time="3.315" classname="TestCases.LoginPageTest1"/>
  <testcase name="verifyBotLogoDisplayTest" time="3.476" classname="TestCases.LoginPageTest1"/>
  <testcase name="verifyLoginButtonDisplayTest" time="3.606" classname="TestCases.LoginPageTest1"/>
  <testcase name="verifyLoginLogoEnableTest" time="3.388" classname="TestCases.LoginPageTest1"/>
  <testcase name="verifyPasswordTextDisplayTest" time="3.342" classname="TestCases.LoginPageTest1"/>
  <testcase name="verifyUsernameTextEnableTest" time="3.579" classname="TestCases.LoginPageTest1"/>
  <testcase name="verifyPasswordTextSendkeysTest" time="3.626" classname="TestCases.LoginPageTest1">
    <failure type="java.lang.AssertionError" message="expected [secret_sauce] but found [[[ChromeDriver: chrome on WINDOWS (045581904ab20c700f628424b58f962b)] -&gt; xpath: //input[@id=&#039;password&#039;]]]">
      <![CDATA[java.lang.AssertionError: expected [secret_sauce] but found [[[ChromeDriver: chrome on WINDOWS (045581904ab20c700f628424b58f962b)] -> xpath: //input[@id='password']]]
at org.testng.Assert.fail(Assert.java:97)
at org.testng.Assert.assertEqualsImpl(Assert.java:136)
at org.testng.Assert.assertEquals(Assert.java:118)
at org.testng.Assert.assertEquals(Assert.java:563)
at TestCases.LoginPageTest1.verifyPasswordTextSendkeysTest(LoginPageTest1.java:114)
at sun.reflect.NativeMethodAccessorImpl.invoke0(Native Method)
at sun.reflect.NativeMethodAccessorImpl.invoke(NativeMethodAccessorImpl.java:62)
at sun.reflect.DelegatingMethodAccessorImpl.invoke(DelegatingMethodAccessorImpl.java:43)
at java.lang.reflect.Method.invoke(Method.java:498)
at org.testng.internal.MethodInvocationHelper.invokeMethod(MethodInvocationHelper.java:133)
at org.testng.internal.TestInvoker.invokeMethod(TestInvoker.java:584)
at org.testng.internal.TestInvoker.invokeTestMethod(TestInvoker.java:172)
at org.testng.internal.MethodRunner.runInSequence(MethodRunner.java:46)
at org.testng.internal.TestInvoker$MethodInvocationAgent.invoke(TestInvoker.java:804)
at org.testng.internal.TestInvoker.invokeTestMethods(TestInvoker.java:145)
at org.testng.internal.TestMethodWorker.invokeTestMethods(TestMethodWorker.java:146)
at org.testng.internal.TestMethodWorker.run(TestMethodWorker.java:128)
at java.util.ArrayList.forEach(ArrayList.java:1259)
at org.testng.TestRunner.privateRun(TestRunner.java:770)
at org.testng.TestRunner.run(TestRunner.java:591)
at org.testng.SuiteRunner.runTest(SuiteRunner.java:402)
at org.testng.SuiteRunner.runSequentially(SuiteRunner.java:396)
at org.testng.SuiteRunner.privateRun(SuiteRunner.java:355)
at org.testng.SuiteRunner.run(SuiteRunner.java:304)
at org.testng.SuiteRunnerWorker.runSuite(SuiteRunnerWorker.java:53)
at org.testng.SuiteRunnerWorker.run(SuiteRunnerWorker.java:96)
at org.testng.TestNG.runSuitesSequentially(TestNG.java:1180)
at org.testng.TestNG.runSuitesLocally(TestNG.java:1102)
at org.testng.TestNG.runSuites(TestNG.java:1032)
at org.testng.TestNG.run(TestNG.java:1000)
at org.testng.remote.AbstractRemoteTestNG.run(AbstractRemoteTestNG.java:115)
at org.testng.remote.RemoteTestNG.initAndRun(RemoteTestNG.java:251)
at org.testng.remote.RemoteTestNG.main(RemoteTestNG.java:77)
]]>
    </failure>
  </testcase> <!-- verifyPasswordTextSendkeysTest -->
  <testcase name="verifyUsernameTextDisplayTest" time="3.352" classname="TestCases.LoginPageTest1"/>
  <testcase name="verifyTitleTest" time="3.920" classname="TestCases.LoginPageTest1"/>
  <testcase name="verifyLoginButtonEnableTest" time="4.680" classname="TestCases.LoginPageTest1"/>
  <testcase name="verifyLoginLogoDisplayTest" time="3.650" classname="TestCases.LoginPageTest1"/>
  <testcase name="verifyLoginButtonClickableTest" time="3.583" classname="TestCases.LoginPageTest1">
    <failure type="java.lang.AssertionError" message="expected [true] but found [[[ChromeDriver: chrome on WINDOWS (ad4703d26748b66a0d8dad604d6ab44c)] -&gt; xpath: //input[@id=&#039;login-button&#039;]]]">
      <![CDATA[java.lang.AssertionError: expected [true] but found [[[ChromeDriver: chrome on WINDOWS (ad4703d26748b66a0d8dad604d6ab44c)] -> xpath: //input[@id='login-button']]]
at org.testng.Assert.fail(Assert.java:97)
at org.testng.Assert.assertEqualsImpl(Assert.java:136)
at org.testng.Assert.assertEquals(Assert.java:118)
at org.testng.Assert.assertEquals(Assert.java:563)
at TestCases.LoginPageTest1.verifyLoginButtonClickableTest(LoginPageTest1.java:120)
at sun.reflect.NativeMethodAccessorImpl.invoke0(Native Method)
at sun.reflect.NativeMethodAccessorImpl.invoke(NativeMethodAccessorImpl.java:62)
at sun.reflect.DelegatingMethodAccessorImpl.invoke(DelegatingMethodAccessorImpl.java:43)
at java.lang.reflect.Method.invoke(Method.java:498)
at org.testng.internal.MethodInvocationHelper.invokeMethod(MethodInvocationHelper.java:133)
at org.testng.internal.TestInvoker.invokeMethod(TestInvoker.java:584)
at org.testng.internal.TestInvoker.invokeTestMethod(TestInvoker.java:172)
at org.testng.internal.MethodRunner.runInSequence(MethodRunner.java:46)
at org.testng.internal.TestInvoker$MethodInvocationAgent.invoke(TestInvoker.java:804)
at org.testng.internal.TestInvoker.invokeTestMethods(TestInvoker.java:145)
at org.testng.internal.TestMethodWorker.invokeTestMethods(TestMethodWorker.java:146)
at org.testng.internal.TestMethodWorker.run(TestMethodWorker.java:128)
at java.util.ArrayList.forEach(ArrayList.java:1259)
at org.testng.TestRunner.privateRun(TestRunner.java:770)
at org.testng.TestRunner.run(TestRunner.java:591)
at org.testng.SuiteRunner.runTest(SuiteRunner.java:402)
at org.testng.SuiteRunner.runSequentially(SuiteRunner.java:396)
at org.testng.SuiteRunner.privateRun(SuiteRunner.java:355)
at org.testng.SuiteRunner.run(SuiteRunner.java:304)
at org.testng.SuiteRunnerWorker.runSuite(SuiteRunnerWorker.java:53)
at org.testng.SuiteRunnerWorker.run(SuiteRunnerWorker.java:96)
at org.testng.TestNG.runSuitesSequentially(TestNG.java:1180)
at org.testng.TestNG.runSuitesLocally(TestNG.java:1102)
at org.testng.TestNG.runSuites(TestNG.java:1032)
at org.testng.TestNG.run(TestNG.java:1000)
at org.testng.remote.AbstractRemoteTestNG.run(AbstractRemoteTestNG.java:115)
at org.testng.remote.RemoteTestNG.initAndRun(RemoteTestNG.java:251)
at org.testng.remote.RemoteTestNG.main(RemoteTestNG.java:77)
]]>
    </failure>
  </testcase> <!-- verifyLoginButtonClickableTest -->
  <testcase name="verifyBotLogoEnableTest" time="3.482" classname="TestCases.LoginPageTest1"/>
</testsuite> <!-- TestCases.LoginPageTest1 -->
